<?xml version="1.0" encoding="UTF-8"?>
<!-- Generated by org.testng.reporters.JUnitReportReporter -->
<testsuite hostname="PUNITP339914D" name="testng_package.TestEmployeeDetails" tests="2" failures="0" timestamp="15 Jun 2016 08:38:07 GMT" time="0.010" errors="0">
  <testcase name="testCalculateAppriasal" time="0.010" classname="testng_package.TestEmployeeDetails"/>
  <testcase name="testCalculateYearlySalary" time="0.000" classname="testng_package.TestEmployeeDetails"/>
</testsuite> <!-- testng_package.TestEmployeeDetails -->
